  ___________________________________________________________________________ 
 |                                                                           |
 |                             M   i   X   9  9                              |
 |                            k e r n e l   f o r                            |
 |                         M   i   X   B   L   U   P                         |
 |                                                                           |
 |    release    I/2022 A version 22.0228 (Apr 13 2022 14:07 git f332fd7)    |
 |                                                                           |
 |                         D A T A P R O C E S S O R                         |
 |                                                                           |
 |   Natural Resources Institute Finland (Luke)     Copyright(C) 1998-2022   |
 |   FI-31600 Jokioinen, Finland                    All rights reserved      |
 |   http://www.luke.fi/mix99                       mix99@luke.fi            |
 |___________________________________________________________________________|
 |                                                                           |
 |   When using this program you agree with the following terms and          |
 |   conditions. User is responsible for preparing correctly formatted       |
 |   data for this program and is responsible for correctness of data        |
 |   information. You are not allowed to distribute this program nor         |
 |   modified versions of it neither under the same nor under a different    |
 |   name. Any decisions based on information given by using this software   |
 |   are made at your own responsibility and risk. Only limited technical    |
 |   support can be provided. For commercial purposes, valid MiX99 software  |
 |   contract is required. Use of MiX99 software should be credited with     |
 |   appropriate reference:                                                  |
 |                                                                           |
 |   MiX99 Development Team (2022). MiX99: A software package for solving    |
 |      large mixed model equations. Release I/2022. Natural Resources       |
 |      Institute Finland (Luke). Jokioinen, Finland.                        |
 |      URL: http://www.luke.fi/mix99                                        |
 |___________________________________________________________________________|
 
 
  ___________________________________________________________________________
 
  MiXBLUP_INPUT: Reading Instructions            Time: 17:16:17.6  13.08.2024
  ___________________________________________________________________________
 
   Give title of the analysis
   ---------------------------------------------------------------------------
   >> # Generated by MiXBLUP: 3.0.1.00138 2024-06-06 12:10:23
   >> # Time and date         : 17:16    13.08. 2024
   >> 
   >> # TITLE Chapter 3.1 Example
   >> Chapter 3.1 Example
   Chapter 3.1 Example
 
   Name of Integer Columns in Data File.
   ---------------------------------------------------------------------------
   >> # integer
   >> ID Sex
   ID       Sex     
 
   Name of Real Columns in Data File.
   ---------------------------------------------------------------------------
   >> # real
   >> WWG
   WWG     
 
   Number of Integer variables:           2
   Number of Real variables:              1
 
   Number of Traits in the Analysis. <Long Output List.>
   ---------------------------------------------------------------------------
   >> # TRAITS
   >> 1
            1
 
   Number of Trait Groups.
   ---------------------------------------------------------------------------
   >> # TRAITGRP
   >> 1 -
            1
 
   Integer Input Column of Block. Pedigree code. <Residual Variance Code>.
   ---------------------------------------------------------------------------
   >> # DATASORT
   >> -  1
   Assumed That No Residual Variance Code.
    -       ID        -      
 
   Automatic data blocking will be applied!
 
   Number of Fixed- and Random Effect Factors (Columns) in the Model Line(s).
       [ + <Number of Random Effects with a Correlation Structure Provided
           in a File (e.g. inverse of an IBD matrix)>
         + <Number of regression matrices (e.g. SNP effects) >  ]
   ---------------------------------------------------------------------------
   >> # FIXRAN
   >> 1    1
            1           1
 
   Reading MODEL
   Expected number of model lines:           1
   ---------------------------------------------------------------------------
   >> # MODEL
   >> 1 1 - 2 1
 
   Reading BLKORD ...
   ---------------------------------------------------------------------------
   >> # BLKORD or WITHINBLOCKORDER
   >> - 1
 
   Reading RANDOM ...
   ---------------------------------------------------------------------------
   >> # RANDOM
   >> 1
 
   Reading PEDIGR (Inbreeding check!) ...           1           1
   ---------------------------------------------------------------------------
   >> # RELATIONSHIPS, pedigree with use of inbreeding coefficients
   >> 1           1  y
   Reading INBREEDING ...
   >> # INBREEDING: columns of ID and inbreeding coefficients
   >> 1 2
   >> # INBRFILE: name of inbreeding coefficients file
   >> inbreeding.txt
   Inbreeding file:
   inbreeding.txt
 
   Reading REGRESS ...
   ---------------------------------------------------------------------------
   >> # REGRESS
   >> 2 cl cl
 
   Combining of Traits (y/n).
   ---------------------------------------------------------------------------
   >> # COMBINE
   >> n
    n
 
   Method for Taking Relationships into Account. <Random Unknown Parent Group.>
   ---------------------------------------------------------------------------
   >> # PEDIGREE, RELMET
   >> am
 
   parents: sire & dam,  no unknown parent groups
 
   FILES:
   ------
 
   Name of Your Input Data File.
   ---------------------------------------------------------------------------
   >> # DATAFILE data.txt !MISSING 0 !STATS NDHL
   >> data.txt
   data.txt
 
   Number of Integer and Real Columns in Data File. File Format. <HV-Pre-Adjustm
 ent.>
   ---------------------------------------------------------------------------
   >> # VAR
   >> 2    1 f $
            2           1
   File type: text
   Data has alphanumerics data
 
   Give integer column names that have original code in the alphanumeric key fil
 e
 
   >> # ALPHANUMERICS COLUMNS
   >> ID Sex
   Column name: ID      is column number           1
   Column name: Sex     is column number           2
 
   Give the alphanumeric key file.
   ---------------------------------------------------------------------------
   >> # ALPHANUMERICS FILE
   >> code.inp
   code.inp
   code.inp
 
   Code for Missing Real Values in Your Input Data File.
   ---------------------------------------------------------------------------
   >> # Missing
   >> 0.0000000E+00
    0.0000000E+00
 
   Data Are Scaled to Units of Residual Variance (y/n).
   ---------------------------------------------------------------------------
   >> # SCALE
   >> y
   Data are scaled.
 
   Name of Your Pedigree File.  <Time Classification Column for DYD.>
   ---------------------------------------------------------------------------
   >> # PEDFILE pedigree.txt !CALCINBR
   >> pedigree.txt
   pedigree.txt
 
   Name of Your Parameter File.
   ---------------------------------------------------------------------------
   >> # CVmatrix files
   >> # PARFILE par.txt
   >> covar.txt
   covar.txt
 
   Directory where Temporary Files Are Stored.
   ---------------------------------------------------------------------------
   >> # TMPDIR ./temp/
   >> ./temp/
   ./temp/
 
   Formatted Solution Files for Random Effects (y/n).
   ---------------------------------------------------------------------------
   >> # noransol
   >> y

      Effect | ID      
             #  1
                y
 
   Create Unformatted Solution File "Solunf"?
   ---------------------------------------------------------------------------
   >> # SOLUNF
   >> y
   y
 
   Preconditioner Types for Within Block (WpW) and Across Block (XpX) Effects:
     n    or    {b,d}  {f,m,b,d}
   Preconditioner type specifications for WpW must be in the
   same order as the order of effects within block.
   ---------------------------------------------------------------------------
   >> # precon
   >> b b # Default is block diagonal
   WpW:        b        XpX:        b
 
 
  ___________________________________________________________________________
 
  MiXBLUP_INPUT: Model Description               Time: 17:16:17.6  13.08.2024
  ___________________________________________________________________________
 
 
   MODEL:
   TRAITGRP, TRAIT,   WEIGHT  | EFFECTS
   ------------------------------------------------

       1    WWG       -       :  Sex      ID      
 
 
           Dep.Var  Weight   Num of       Num of Class Variables
   Trait     Col.    Col.    Covar.    Total       Fixed      Random
   -----------------------------------------------------------------
     1      WWG       -         2         2           1          1
 
 
   RANDOM EFFECTS:
   TRAIT       | RANDOM FACTOR
   ---------------------

    1 WWG      | ID      
      Random no:  1
 
 
   Integer-Input Variables for Across-Block Fixed Effects 
   ------------------------------------------------------
      Trait    |  1
   ---------------------

    1 WWG      | Sex     
 
 
   Integer-Input Variables for Random Effects
   ---------------------

    1 WWG      | ID      
 
   Opening for read:data.txt
 
  ___________________________________________________________________________
 
  MiXBLUP_INPUT: Parameters                      Time: 17:16:17.7  13.08.2024
  ___________________________________________________________________________
 
 
   Covariance Matrix for Random Effect Number   1   ID      
   ---------------------------------------------------------
                1
     1      20.0000    
 
 
   Residual Co-Variance Matrix
   ---------------------------
                1
     1      40.0000    
 
 
   Computation of Total Co-Variance Matrix
   ---------------------------------------
 
          Intra Class
   Trait  Correlation     SD-R1       SD-Total
   -------------------------------------------
     1     0.33333       4.47214       7.74597    
 
    Total Co-Variance Matrix
    ------------------------
                1
     1      60.0000    
 
 
 
  ___________________________________________________________________________
 
  MiXBLUP_INPUT: Scaling of Parameters           Time: 17:16:17.7  13.08.2024
  ___________________________________________________________________________
 
 
                             Rescaled Parameters
 
 
   Covariance Matrix for Random Effect Number   1   ID      
   ---------------------------------------------------------
                1
     1     0.500000    
 
 
   Residual Co-Variance Matrix
   ---------------------------
                1
     1      1.00000    
 
 
   Computation of Total Co-Variance Matrix
   ---------------------------------------
 
          Intra Class
   Trait  Correlation     SD-R1       SD-Total
   -------------------------------------------
     1     0.33333      0.707107       1.22474    
 
    Total Co-Variance Matrix
    ------------------------
                1
     1      1.50000    
 
 
  ___________________________________________________________________________
 
  MiXBLUP_INPUT: Pedigree Recording              Time: 17:16:17.9  13.08.2024
  ___________________________________________________________________________
 
   Number of Pedigree Records Processed ...........         8
   Number of Blocks in Pedigree File ..............         1
 
   Reading data file: data.txt
   Number of Blocks in Pedigree and Data File .....         2
 
   Animal radix tree depth ........................         4
   Optimal tree depth .............................         4
 
 
  ___________________________________________________________________________
 
  MiXBLUP_INPUT: Start Data Recording            Time: 17:16:17.9  13.08.2024
  ___________________________________________________________________________
 
   Reading data file: data.txt
 
      Level radix tree depth ...........................           2
      Optimal tree depth ...............................           2
 
      Reading inbreeding coefficient file:
      inbreeding.txt
      Number of inbreeding coefficients read:           8
      Average inbreeding coefficient        :  0.0000000E+00
      Minimum inbreeding coefficient        :  0.0000000E+00
      Maximum inbreeding coefficient        :  0.0000000E+00
 
 DEPENDENT VARIABLES:
   TR TR-NAME       N-OBS      MEAN        SD       MINIMUM     MAXIMUM
   --------------------------------------------------------------------
    1  WWG                5   3.9600      0.82341       2.9000       5.0000    
 
  Number of animals with data records..............           5
 
 
 
 
 
        First  20 Levels for Across-Block Fixed Effect:  1 Sex
       -------------------------------------------------------------
         Factor Trait ________Code____  Num-Obs Equ.-ID Factor 
             1      1 Female                  2         9 Sex
             1      1 Male                    3        10 Sex
 
        Total Number of Levels:           2
 
 
 
      Animal List in Block Order (First   20 Animals)
    -------------------------------------------------------------------
 ___Animal-ID____   Num-Obs     Equ.-ID  Rel1-Var  Rel2-Var   Num-Desc
 2                        0           1          0          0         2
 3                        0           2          0          0         2
 1                        0           3          0          0         2
 6                        1           4         10          1         1
 5                        1           5          6          1         1
 4                        1           6         10          0         1
 7                        1           7          2          5         0
 8                        1           8          6          9         0
 
  ___________________________________________________________________________
 
  MiXBLUP_INPUT:                                 Time: 17:16:17.9  13.08.2024
    Recoding and making equation blocks
  ___________________________________________________________________________
 
 
 S T R U C T U R E   O F   M M E
 =============================================================================
 
   Number of General Regression Equations ...............         0
   Number of Across-Block Fixed Equations ...............         2
   Number of Within-Block Fixed Equations ...............         0
   Number of Across-Block Random Equations ..............         0
   Number of Within-Block Random Equations ..............         0
   Number of Animal Equations ...........................         8
   Total Number of Equations ............................        10
 
   Number of Animals in A-Inverse .......................         8
 
   Equation Blocks:                                   From              To
         Within-Block Equations ..........               1               8
         Across-Block Fixed Equations ....               9              10
 
   Preconditioner information:
      Accross block fixed    : block diagonal
      1. within block effect : block diagonal
 
 
          Block; block size; number of blocks in XpX mixed preconditioner:
               0           0           0
               1           1           2
 
 
  ___________________________________________________________________________
 
  MiXBLUP_INPUT: Create Work Files for IOD       Time: 17:16:17.9  13.08.2024
  ___________________________________________________________________________
 
 
          Data have been scaled by residual standard deviation
 
  ___________________________________________________________________________
 
  MiXBLUP_INPUT:                                 Time: 17:16:17.9  13.08.2024
    Matrices for the preconditioner
  ___________________________________________________________________________
 
   Reading data file: data.txt
 
   Total number of data file records        :           5
   Number of accepted data file records     :           5
   Number of blocks                         :           2
   Number of trait patterns                 :           1
   Number of residual (co)variance matrices :           1
   Number of inv(R) matrices                :           1
 
   Last data file record by process      :           5
 
 
  ___________________________________________________________________________
 
  MiXBLUP_INPUT: Create Preconditioner           Time: 17:16:18.0  13.08.2024
  ___________________________________________________________________________
 
          Number of block contrib. in Precond. of within blocks.           5
 
          Inverting and Writing Diagonal Blocks .....
 
          Number of Levels with Across-Block Contributions .....           5
          Number of Equations with Across-Block Contributions ..           5
 
          Memory Requirements (MB) for mix99s:
          ------------------------------------
          Data and Model Information .....               1
          I/O-Buffer .....................               1
          Vectors ........................               0
                                                ----------
          Total Allocated Memory .........               2
 
  ___________________________________________________________________________
 
  MiXBLUP_INPUT:     --- D O N E ---             Time: 17:16:18.0  13.08.2024
  ___________________________________________________________________________
 
         Copyright(C) 2019 Natural Resources Institute Finland (Luke)
