 
  Table N1. Number of records in data, pedigree and genotype file
========================= =========================
File                                      N records
========================= =========================
data.txt                                          5
pedigree.txt                                      8
Genotypes:                                         
pedigree BLUP                                  none
========================= =========================
 
 
 
  Table N2. Number of records per trait in the model
========================= ========================= ========================= ========================= ========================= =========================
                                                                                            N genotyped                                                    
                                                               N animals with                      with                 N missing                 N records
                                    N valid records             valid records             valid records              observations               invalidated
========================= ========================= ========================= ========================= ========================= =========================
WWG                                               5                         5                         0                         0                         0
========================= ========================= ========================= ========================= ========================= =========================
 
 
 
  Table N3. Number of levels of class effect across traits
========================= =========================
                                           N levels
Class effect                          across traits
========================= =========================
ID                                                5
Sex                                               2
========================= =========================
 
 
 
  Table N4. Pedigree completeness
========================= ========================= ========================= ========================= ========================= =========================
                                                                  N with both                N with one                    N with              Completeness
                                          N records             parents known              parent known           unknown parents               pedigree, %
========================= ========================= ========================= ========================= ========================= =========================
Pedigree                                          8                         4                         1                         3                     56.25
========================= ========================= ========================= ========================= ========================= =========================
 
 
 
  Table D1. Mean, standard deviation, minimum and maximum per trait
========================= ========================= ========================= ========================= ========================= ========================= =========================
                                                                                               Standard                                                                              
                                    N valid records                      Mean                 deviation             Minimum value             Maximum value             Missing value
========================= ========================= ========================= ========================= ========================= ========================= =========================
WWG                                               5                     3.960                     0.736                     2.900                     5.000                     0.000
========================= ========================= ========================= ========================= ========================= ========================= =========================
 
 
 
  Table H. Number of levels per class size category by class effect and trait
========================= ========================= ========================= ========================= ========================= ========================= ========================= ========================= ========================= ========================= ========================= ========================= =========================
                                                                            0                         1                         2                       3-5                      6-10                     11-20                     21-50                    51-100                   101-200                   201-500                      500+
Class effect              Trait                                       records                    record                   records                   records                   records                   records                   records                   records                   records                   records                   records
========================= ========================= ========================= ========================= ========================= ========================= ========================= ========================= ========================= ========================= ========================= ========================= =========================
ID                        WWG                                               0                         5                         0                         0                         0                         0                         0                         0                         0                         0                         0
Sex                       WWG                                               0                         0                         1                         1                         0                         0                         0                         0                         0                         0                         0
========================= ========================= ========================= ========================= ========================= ========================= ========================= ========================= ========================= ========================= ========================= ========================= =========================
 
 
 
